<?xml version="1.0" encoding="UTF-8"?>
<robot generator="Robot 7.1.1 (Python 3.9.6 on darwin)" generated="2026-01-27T14:49:03.329270" rpa="false" schemaversion="5">
<suite id="s1" name="Test" source="/Users/shivanggulati/Desktop/cache/test.robot">
<test id="s1-t1" name="Addition With User Input" line="6">
<kw name="Add" owner="code">
<msg time="2026-01-27T14:49:03.339557" level="INFO">${result} = 7</msg>
<var>${result}</var>
<arg>${a}</arg>
<arg>${b}</arg>
<status status="PASS" start="2026-01-27T14:49:03.339098" elapsed="0.000479"/>
</kw>
<kw name="Log" owner="BuiltIn">
<msg time="2026-01-27T14:49:03.339719" level="INFO">Result is 7</msg>
<arg>Result is ${result}</arg>
<doc>Logs the given message with the given level.</doc>
<status status="PASS" start="2026-01-27T14:49:03.339655" elapsed="0.000082"/>
</kw>
<status status="PASS" start="2026-01-27T14:49:03.338739" elapsed="0.001052"/>
</test>
<status status="PASS" start="2026-01-27T14:49:03.329750" elapsed="0.010190"/>
</suite>
<statistics>
<total>
<stat pass="1" fail="0" skip="0">All Tests</stat>
</total>
<tag>
</tag>
<suite>
<stat pass="1" fail="0" skip="0" id="s1" name="Test">Test</stat>
</suite>
</statistics>
<errors>
</errors>
</robot>
